1613047339719	geckodriver	INFO	Listening on 127.0.0.1:62722
1613047342804	mozrunner::runner	INFO	Running command: "C:\\Program Files\\Mozilla Firefox\\firefox.exe" "--marionette" "-foreground" "-no-remote" "-profile" "C:\\Users\\user\\AppData\\Local\\Temp\\rust_mozprofilesyUwWg"
console.warn: SearchSettings: "get: No settings file exists, new profile?" (new Error("", "(unknown module)"))
console.warn: SearchSettings: "get: No settings file exists, new profile?" (new Error("", "(unknown module)"))
1613047345857	Marionette	INFO	Listening on port 62732
1613047346104	Marionette	WARN	TLS certificate errors will be ignored for this session
1613047346121	Marionette	ERROR	[15] No reply from Marionette:Register
1613047346585	Marionette	INFO	Stopped listening on port 62732
JavaScript error: resource://activity-stream/lib/ASRouter.jsm, line 987: NS_ERROR_ILLEGAL_VALUE: Component returned failure code: 0x80070057 (NS_ERROR_ILLEGAL_VALUE) [nsIObserverService.removeObserver]
console.error: services.settings: 
  main/fxmonitor-breaches Signature failed  TypeError: NetworkError when attempting to fetch resource.
console.error: services.settings: 
  main/message-groups Signature failed  TypeError: NetworkError when attempting to fetch resource.
JavaScript error: , line 0: AbortError: A request was aborted, for example through a call to IDBTransaction.abort.

###!!! [Child][RunMessage] Error: Channel closing: too late to send/recv, messages will be lost

1613047347574	geckodriver	INFO	Listening on 127.0.0.1:62783
1613047350650	mozrunner::runner	INFO	Running command: "C:\\Program Files\\Mozilla Firefox\\firefox.exe" "--marionette" "-foreground" "-no-remote" "-profile" "C:\\Users\\user\\AppData\\Local\\Temp\\rust_mozprofiletVu0cD"
console.warn: SearchSettings: "get: No settings file exists, new profile?" (new Error("", "(unknown module)"))
console.warn: SearchSettings: "get: No settings file exists, new profile?" (new Error("", "(unknown module)"))
1613047353724	Marionette	INFO	Listening on port 62793
1613047353933	Marionette	WARN	TLS certificate errors will be ignored for this session
1613047353953	Marionette	ERROR	[15] No reply from Marionette:Register
1613047354244	Marionette	INFO	Stopped listening on port 62793
JavaScript error: resource://activity-stream/lib/ASRouter.jsm, line 987: NS_ERROR_ILLEGAL_VALUE: Component returned failure code: 0x80070057 (NS_ERROR_ILLEGAL_VALUE) [nsIObserverService.removeObserver]
console.error: services.settings: 
  main/fxmonitor-breaches Signature failed  TypeError: NetworkError when attempting to fetch resource.
console.error: services.settings: 
  main/message-groups Signature failed  TypeError: NetworkError when attempting to fetch resource.
JavaScript error: , line 0: AbortError: A request was aborted, for example through a call to IDBTransaction.abort.

###!!! [Child][RunMessage] Error: Channel closing: too late to send/recv, messages will be lost

1613047355403	geckodriver	INFO	Listening on 127.0.0.1:62833
1613047358496	mozrunner::runner	INFO	Running command: "C:\\Program Files\\Mozilla Firefox\\firefox.exe" "--marionette" "-foreground" "-no-remote" "-profile" "C:\\Users\\user\\AppData\\Local\\Temp\\rust_mozprofilep3DVR9"
console.warn: SearchSettings: "get: No settings file exists, new profile?" (new Error("", "(unknown module)"))
console.warn: SearchSettings: "get: No settings file exists, new profile?" (new Error("", "(unknown module)"))
1613047361439	Marionette	INFO	Listening on port 62842
1613047361750	Marionette	WARN	TLS certificate errors will be ignored for this session
1613047361769	Marionette	ERROR	[15] No reply from Marionette:Register
1613047362057	Marionette	INFO	Stopped listening on port 62842
JavaScript error: resource://activity-stream/lib/ASRouter.jsm, line 987: NS_ERROR_ILLEGAL_VALUE: Component returned failure code: 0x80070057 (NS_ERROR_ILLEGAL_VALUE) [nsIObserverService.removeObserver]
console.error: services.settings: 
  main/fxmonitor-breaches Signature failed  TypeError: NetworkError when attempting to fetch resource.
console.error: services.settings: 
  main/message-groups Signature failed  TypeError: NetworkError when attempting to fetch resource.
JavaScript error: , line 0: AbortError: A request was aborted, for example through a call to IDBTransaction.abort.

###!!! [Child][RunMessage] Error: Channel closing: too late to send/recv, messages will be lost

1613047403994	geckodriver	INFO	Listening on 127.0.0.1:62906
1613047407085	mozrunner::runner	INFO	Running command: "C:\\Program Files\\Mozilla Firefox\\firefox.exe" "--marionette" "-foreground" "-no-remote" "-profile" "C:\\Users\\user\\AppData\\Local\\Temp\\rust_mozprofileqgTTfY"
console.warn: SearchSettings: "get: No settings file exists, new profile?" (new Error("", "(unknown module)"))
console.warn: SearchSettings: "get: No settings file exists, new profile?" (new Error("", "(unknown module)"))
1613047410001	Marionette	INFO	Listening on port 62915
1613047410326	Marionette	WARN	TLS certificate errors will be ignored for this session
1613047410345	Marionette	ERROR	[15] No reply from Marionette:Register
1613047410796	Marionette	INFO	Stopped listening on port 62915
JavaScript error: resource://activity-stream/lib/ASRouter.jsm, line 987: NS_ERROR_ILLEGAL_VALUE: Component returned failure code: 0x80070057 (NS_ERROR_ILLEGAL_VALUE) [nsIObserverService.removeObserver]

###!!! [Child][RunMessage] Error: Channel closing: too late to send/recv, messages will be lost

1613047411935	geckodriver	INFO	Listening on 127.0.0.1:62950
1613047415004	mozrunner::runner	INFO	Running command: "C:\\Program Files\\Mozilla Firefox\\firefox.exe" "--marionette" "-foreground" "-no-remote" "-profile" "C:\\Users\\user\\AppData\\Local\\Temp\\rust_mozprofilewSfk3h"
console.warn: SearchSettings: "get: No settings file exists, new profile?" (new Error("", "(unknown module)"))
console.warn: SearchSettings: "get: No settings file exists, new profile?" (new Error("", "(unknown module)"))
1613047417905	Marionette	INFO	Listening on port 62960
1613047418284	Marionette	WARN	TLS certificate errors will be ignored for this session
1613047418307	Marionette	ERROR	[15] No reply from Marionette:Register
1613047418589	Marionette	INFO	Stopped listening on port 62960
JavaScript error: resource://activity-stream/lib/ASRouter.jsm, line 987: NS_ERROR_ILLEGAL_VALUE: Component returned failure code: 0x80070057 (NS_ERROR_ILLEGAL_VALUE) [nsIObserverService.removeObserver]

###!!! [Child][RunMessage] Error: Channel closing: too late to send/recv, messages will be lost

1613047419852	geckodriver	INFO	Listening on 127.0.0.1:62993
1613047422924	mozrunner::runner	INFO	Running command: "C:\\Program Files\\Mozilla Firefox\\firefox.exe" "--marionette" "-foreground" "-no-remote" "-profile" "C:\\Users\\user\\AppData\\Local\\Temp\\rust_mozprofilevZaegZ"
console.warn: SearchSettings: "get: No settings file exists, new profile?" (new Error("", "(unknown module)"))
console.warn: SearchSettings: "get: No settings file exists, new profile?" (new Error("", "(unknown module)"))
1613047425769	Marionette	INFO	Listening on port 63003
1613047426202	Marionette	WARN	TLS certificate errors will be ignored for this session
1613047426217	Marionette	ERROR	[15] No reply from Marionette:Register
1613047426505	Marionette	INFO	Stopped listening on port 63003
JavaScript error: resource://activity-stream/lib/ASRouter.jsm, line 987: NS_ERROR_ILLEGAL_VALUE: Component returned failure code: 0x80070057 (NS_ERROR_ILLEGAL_VALUE) [nsIObserverService.removeObserver]
console.error: services.settings: 
  main/cfr Signature failed  TypeError: NetworkError when attempting to fetch resource.

###!!! [Child][RunMessage] Error: Channel closing: too late to send/recv, messages will be lost

1613047612407	geckodriver	INFO	Listening on 127.0.0.1:63124
1613047615482	mozrunner::runner	INFO	Running command: "C:\\Program Files\\Mozilla Firefox\\firefox.exe" "--marionette" "-foreground" "-no-remote" "-profile" "C:\\Users\\user\\AppData\\Local\\Temp\\rust_mozprofilevjfgl7"
console.warn: SearchSettings: "get: No settings file exists, new profile?" (new Error("", "(unknown module)"))
console.warn: SearchSettings: "get: No settings file exists, new profile?" (new Error("", "(unknown module)"))
1613047618399	Marionette	INFO	Listening on port 63134
1613047618723	Marionette	WARN	TLS certificate errors will be ignored for this session
1613047618741	Marionette	ERROR	[15] No reply from Marionette:Register
1613047619202	Marionette	INFO	Stopped listening on port 63134
JavaScript error: resource://activity-stream/lib/ASRouter.jsm, line 987: NS_ERROR_ILLEGAL_VALUE: Component returned failure code: 0x80070057 (NS_ERROR_ILLEGAL_VALUE) [nsIObserverService.removeObserver]

###!!! [Child][RunMessage] Error: Channel closing: too late to send/recv, messages will be lost

1613047620240	geckodriver	INFO	Listening on 127.0.0.1:63170
1613047623290	mozrunner::runner	INFO	Running command: "C:\\Program Files\\Mozilla Firefox\\firefox.exe" "--marionette" "-foreground" "-no-remote" "-profile" "C:\\Users\\user\\AppData\\Local\\Temp\\rust_mozprofileaGvvOm"
console.warn: SearchSettings: "get: No settings file exists, new profile?" (new Error("", "(unknown module)"))
console.warn: SearchSettings: "get: No settings file exists, new profile?" (new Error("", "(unknown module)"))
1613047626254	Marionette	INFO	Listening on port 63182
1613047626551	Marionette	WARN	TLS certificate errors will be ignored for this session
1613047626567	Marionette	ERROR	[15] No reply from Marionette:Register
1613047626869	Marionette	INFO	Stopped listening on port 63182
JavaScript error: resource://activity-stream/lib/ASRouter.jsm, line 987: NS_ERROR_ILLEGAL_VALUE: Component returned failure code: 0x80070057 (NS_ERROR_ILLEGAL_VALUE) [nsIObserverService.removeObserver]
console.error: services.settings: 
  main/cfr Signature failed  TypeError: NetworkError when attempting to fetch resource.

###!!! [Child][RunMessage] Error: Channel closing: too late to send/recv, messages will be lost

1613047627926	geckodriver	INFO	Listening on 127.0.0.1:63212
1613047631004	mozrunner::runner	INFO	Running command: "C:\\Program Files\\Mozilla Firefox\\firefox.exe" "--marionette" "-foreground" "-no-remote" "-profile" "C:\\Users\\user\\AppData\\Local\\Temp\\rust_mozprofiledgHqLl"
console.warn: SearchSettings: "get: No settings file exists, new profile?" (new Error("", "(unknown module)"))
console.warn: SearchSettings: "get: No settings file exists, new profile?" (new Error("", "(unknown module)"))
1613047633934	Marionette	INFO	Listening on port 63221
1613047634265	Marionette	WARN	TLS certificate errors will be ignored for this session
1613047634284	Marionette	ERROR	[15] No reply from Marionette:Register
1613047634569	Marionette	INFO	Stopped listening on port 63221
JavaScript error: resource://activity-stream/lib/ASRouter.jsm, line 987: NS_ERROR_ILLEGAL_VALUE: Component returned failure code: 0x80070057 (NS_ERROR_ILLEGAL_VALUE) [nsIObserverService.removeObserver]
console.warn: services.settings: main/cfr sync interrupted by shutdown

###!!! [Child][RunMessage] Error: Channel closing: too late to send/recv, messages will be lost

1613048449033	geckodriver	INFO	Listening on 127.0.0.1:63673
1613048452097	mozrunner::runner	INFO	Running command: "C:\\Program Files\\Mozilla Firefox\\firefox.exe" "--marionette" "-foreground" "-no-remote" "-profile" "C:\\Users\\user\\AppData\\Local\\Temp\\rust_mozprofileMFGQIc"
console.warn: SearchSettings: "get: No settings file exists, new profile?" (new Error("", "(unknown module)"))
console.warn: SearchSettings: "get: No settings file exists, new profile?" (new Error("", "(unknown module)"))
1613048455150	Marionette	INFO	Listening on port 63683
1613048455382	Marionette	WARN	TLS certificate errors will be ignored for this session
1613048455398	Marionette	ERROR	[15] No reply from Marionette:Register
1613048455852	Marionette	INFO	Stopped listening on port 63683
JavaScript error: resource://activity-stream/lib/ASRouter.jsm, line 987: NS_ERROR_ILLEGAL_VALUE: Component returned failure code: 0x80070057 (NS_ERROR_ILLEGAL_VALUE) [nsIObserverService.removeObserver]

###!!! [Child][RunMessage] Error: Channel closing: too late to send/recv, messages will be lost

1613048456991	geckodriver	INFO	Listening on 127.0.0.1:63716
1613048460056	mozrunner::runner	INFO	Running command: "C:\\Program Files\\Mozilla Firefox\\firefox.exe" "--marionette" "-foreground" "-no-remote" "-profile" "C:\\Users\\user\\AppData\\Local\\Temp\\rust_mozprofileJFe2to"
console.warn: SearchSettings: "get: No settings file exists, new profile?" (new Error("", "(unknown module)"))
1613048462866	Marionette	INFO	Listening on port 63726
console.warn: SearchSettings: "get: No settings file exists, new profile?" (new Error("", "(unknown module)"))
1613048463302	Marionette	WARN	TLS certificate errors will be ignored for this session
1613048463319	Marionette	ERROR	[15] No reply from Marionette:Register
1613048463600	Marionette	INFO	Stopped listening on port 63726
JavaScript error: resource://activity-stream/lib/ASRouter.jsm, line 987: NS_ERROR_ILLEGAL_VALUE: Component returned failure code: 0x80070057 (NS_ERROR_ILLEGAL_VALUE) [nsIObserverService.removeObserver]
console.error: services.settings: 
  main/cfr Signature failed  TypeError: NetworkError when attempting to fetch resource.

###!!! [Child][RunMessage] Error: Channel closing: too late to send/recv, messages will be lost

1613048464591	geckodriver	INFO	Listening on 127.0.0.1:63758
1613048467661	mozrunner::runner	INFO	Running command: "C:\\Program Files\\Mozilla Firefox\\firefox.exe" "--marionette" "-foreground" "-no-remote" "-profile" "C:\\Users\\user\\AppData\\Local\\Temp\\rust_mozprofileZNFOVC"
console.warn: SearchSettings: "get: No settings file exists, new profile?" (new Error("", "(unknown module)"))
1613048470535	Marionette	INFO	Listening on port 63767
console.warn: SearchSettings: "get: No settings file exists, new profile?" (new Error("", "(unknown module)"))
1613048470909	Marionette	WARN	TLS certificate errors will be ignored for this session
1613048470927	Marionette	ERROR	[15] No reply from Marionette:Register
1613048471216	Marionette	INFO	Stopped listening on port 63767
JavaScript error: resource://activity-stream/lib/ASRouter.jsm, line 987: NS_ERROR_ILLEGAL_VALUE: Component returned failure code: 0x80070057 (NS_ERROR_ILLEGAL_VALUE) [nsIObserverService.removeObserver]
console.error: services.settings: 
  main/cfr Signature failed  TypeError: NetworkError when attempting to fetch resource.

###!!! [Child][RunMessage] Error: Channel closing: too late to send/recv, messages will be lost

1613048541664	geckodriver	INFO	Listening on 127.0.0.1:63830
1613048544741	mozrunner::runner	INFO	Running command: "C:\\Program Files\\Mozilla Firefox\\firefox.exe" "--marionette" "-foreground" "-no-remote" "-profile" "C:\\Users\\user\\AppData\\Local\\Temp\\rust_mozprofileb77iD1"
console.warn: SearchSettings: "get: No settings file exists, new profile?" (new Error("", "(unknown module)"))
console.warn: SearchSettings: "get: No settings file exists, new profile?" (new Error("", "(unknown module)"))
1613048547724	Marionette	INFO	Listening on port 63839
1613048547990	Marionette	WARN	TLS certificate errors will be ignored for this session
1613048548007	Marionette	ERROR	[15] No reply from Marionette:Register
1613048548436	Marionette	INFO	Stopped listening on port 63839
JavaScript error: resource://activity-stream/lib/ASRouter.jsm, line 987: NS_ERROR_ILLEGAL_VALUE: Component returned failure code: 0x80070057 (NS_ERROR_ILLEGAL_VALUE) [nsIObserverService.removeObserver]

###!!! [Child][RunMessage] Error: Channel closing: too late to send/recv, messages will be lost

1613048549441	geckodriver	INFO	Listening on 127.0.0.1:63874
1613048552512	mozrunner::runner	INFO	Running command: "C:\\Program Files\\Mozilla Firefox\\firefox.exe" "--marionette" "-foreground" "-no-remote" "-profile" "C:\\Users\\user\\AppData\\Local\\Temp\\rust_mozprofileeBIBfK"
console.warn: SearchSettings: "get: No settings file exists, new profile?" (new Error("", "(unknown module)"))
console.warn: SearchSettings: "get: No settings file exists, new profile?" (new Error("", "(unknown module)"))
1613048555582	Marionette	INFO	Listening on port 63885
1613048555753	Marionette	WARN	TLS certificate errors will be ignored for this session
1613048555784	Marionette	ERROR	[15] No reply from Marionette:Register
1613048556066	Marionette	INFO	Stopped listening on port 63885
JavaScript error: resource://activity-stream/lib/ASRouter.jsm, line 987: NS_ERROR_ILLEGAL_VALUE: Component returned failure code: 0x80070057 (NS_ERROR_ILLEGAL_VALUE) [nsIObserverService.removeObserver]
console.warn: services.settings: main/cfr sync interrupted by shutdown

###!!! [Child][RunMessage] Error: Channel closing: too late to send/recv, messages will be lost

1613048557227	geckodriver	INFO	Listening on 127.0.0.1:63913
1613048560287	mozrunner::runner	INFO	Running command: "C:\\Program Files\\Mozilla Firefox\\firefox.exe" "--marionette" "-foreground" "-no-remote" "-profile" "C:\\Users\\user\\AppData\\Local\\Temp\\rust_mozprofileicklAm"
console.warn: SearchSettings: "get: No settings file exists, new profile?" (new Error("", "(unknown module)"))
console.warn: SearchSettings: "get: No settings file exists, new profile?" (new Error("", "(unknown module)"))
1613048563300	Marionette	INFO	Listening on port 63922
1613048563531	Marionette	WARN	TLS certificate errors will be ignored for this session
1613048563549	Marionette	ERROR	[15] No reply from Marionette:Register
1613048563833	Marionette	INFO	Stopped listening on port 63922
JavaScript error: resource://activity-stream/lib/ASRouter.jsm, line 987: NS_ERROR_ILLEGAL_VALUE: Component returned failure code: 0x80070057 (NS_ERROR_ILLEGAL_VALUE) [nsIObserverService.removeObserver]
console.error: services.settings: 
  main/cfr Signature failed  TypeError: NetworkError when attempting to fetch resource.

###!!! [Child][RunMessage] Error: Channel closing: too late to send/recv, messages will be lost

1613048909123	geckodriver	INFO	Listening on 127.0.0.1:64118
1613048912191	mozrunner::runner	INFO	Running command: "C:\\Program Files\\Mozilla Firefox\\firefox.exe" "--marionette" "-foreground" "-no-remote" "-profile" "C:\\Users\\user\\AppData\\Local\\Temp\\rust_mozprofileMiAMiJ"
console.warn: SearchSettings: "get: No settings file exists, new profile?" (new Error("", "(unknown module)"))
console.warn: SearchSettings: "get: No settings file exists, new profile?" (new Error("", "(unknown module)"))
1613048915140	Marionette	INFO	Listening on port 64129
1613048915449	Marionette	WARN	TLS certificate errors will be ignored for this session
1613048915465	Marionette	ERROR	[15] No reply from Marionette:Register
1613049001470	Marionette	INFO	Stopped listening on port 64129

###!!! [Child][RunMessage] Error: Channel closing: too late to send/recv, messages will be lost

"--marionette" "-foreground" "-no-remote" "-profile" "C:\\Users\\user\\AppData\\Local\\Temp\\rust_mozprofilemG1kbp"
console.warn: SearchSettings: "get: No settings file exists, new profile?" (new Error("", "(unknown module)"))
console.warn: SearchSettings: "get: No settings file exists, new profile?" (new Error("", "(unknown module)"))
1613048921904	Marionette	INFO	Listening on port 64182
1613048922230	Marionette	WARN	TLS certificate errors will be ignored for this session
1613048922247	Marionette	ERROR	[15] No reply from Marionette:Register
1613049000504	Marionette	INFO	Stopped listening on port 64182

###!!! [Child][RunMessage] Error: Channel closing: too late to send/recv, messages will be lost

"--marionette" "-foreground" "-no-remote" "-profile" "C:\\Users\\user\\AppData\\Local\\Temp\\rust_mozprofilec4GTZK"
console.warn: SearchSettings: "get: No settings file exists, new profile?" (new Error("", "(unknown module)"))
console.warn: SearchSettings: "get: No settings file exists, new profile?" (new Error("", "(unknown module)"))
1613048928553	Marionette	INFO	Listening on port 64236
1613048928902	Marionette	WARN	TLS certificate errors will be ignored for this session
1613048928922	Marionette	ERROR	[15] No reply from Marionette:Register
1613048999596	Marionette	INFO	Stopped listening on port 64236

###!!! [Child][RunMessage] Error: Channel closing: too late to send/recv, messages will be lost

1613049030081	geckodriver	INFO	Listening on 127.0.0.1:64338
1613049033133	mozrunner::runner	INFO	Running command: "C:\\Program Files\\Mozilla Firefox\\firefox.exe" "--marionette" "-foreground" "-no-remote" "-profile" "C:\\Users\\user\\AppData\\Local\\Temp\\rust_mozprofileA82SVs"
console.warn: SearchSettings: "get: No settings file exists, new profile?" (new Error("", "(unknown module)"))
console.warn: SearchSettings: "get: No settings file exists, new profile?" (new Error("", "(unknown module)"))
1613049036135	Marionette	INFO	Listening on port 64348
1613049036399	Marionette	WARN	TLS certificate errors will be ignored for this session
1613049036418	Marionette	ERROR	[15] No reply from Marionette:Register
1613049060000	Marionette	INFO	Stopped listening on port 64348
3049040063	mozrunner::runner	INFO	Running command: "C:\\Program Files\\Mozilla Firefox\\firefox.exe" "--marionette" "-foreground" "-no-remote" "-profile" "C:\\Users\\user\\AppData\\Local\\Temp\\rust_mozprofileu7DrL2"
console.warn: SearchSettings: "get: No settings file exists, new profile?" (new Error("", "(unknown module)"))
console.warn: SearchSettings: "get: No settings file exists, new profile?" (new Error("", "(unknown module)"))
1613049042958	Marionette	INFO	Listening on port 64407
1613049043343	Marionette	WARN	TLS certificate errors will be ignored for this session
1613049043359	Marionette	ERROR	[15] No reply from Marionette:Register
1613049058839	Marionette	INFO	Stopped listening on port 64407

###!!! [Child][RunMessage] Error: Channel closing: too late to send/recv, messages will be lost

"--marionette" "-foreground" "-no-remote" "-profile" "C:\\Users\\user\\AppData\\Local\\Temp\\rust_mozprofileMVz4dN"
console.warn: SearchSettings: "get: No settings file exists, new profile?" (new Error("", "(unknown module)"))
console.warn: SearchSettings: "get: No settings file exists, new profile?" (new Error("", "(unknown module)"))
1613049049996	Marionette	INFO	Listening on port 64460
1613049050118	Marionette	WARN	TLS certificate errors will be ignored for this session
1613049050136	Marionette	ERROR	[15] No reply from Marionette:Register
1613049057625	Marionette	INFO	Stopped listening on port 64460

###!!! [Child][RunMessage] Error: Channel closing: too late to send/recv, messages will be lost

1613115769588	geckodriver	INFO	Listening on 127.0.0.1:55325
1613115772647	mozrunner::runner	INFO	Running command: "C:\\Program Files\\Mozilla Firefox\\firefox.exe" "--marionette" "-foreground" "-no-remote" "-profile" "C:\\Users\\user\\AppData\\Local\\Temp\\rust_mozprofilePB7knY"
console.warn: SearchSettings: "get: No settings file exists, new profile?" (new Error("", "(unknown module)"))
console.warn: SearchSettings: "get: No settings file exists, new profile?" (new Error("", "(unknown module)"))
1613115775709	Marionette	INFO	Listening on port 55335
1613115775916	Marionette	WARN	TLS certificate errors will be ignored for this session
1613115775936	Marionette	ERROR	[15] No reply from Marionette:Register
1613115779073	Marionette	INFO	Stopped listening on port 55335

###!!! [Child][MessageChannel] Error: (msgtype=0x5B000E,name=PHttpChannel::Msg___delete__) Channel closing: too late to send/recv, messages will be lost


###!!! [Child][RunMessage] Error: Channel closing: too late to send/recv, messages will be lost

1613115862403	geckodriver	INFO	Listening on 127.0.0.1:55456
1613115865457	mozrunner::runner	INFO	Running command: "C:\\Program Files\\Mozilla Firefox\\firefox.exe" "--marionette" "-foreground" "-no-remote" "-profile" "C:\\Users\\user\\AppData\\Local\\Temp\\rust_mozprofile8hFhkF"
console.warn: SearchSettings: "get: No settings file exists, new profile?" (new Error("", "(unknown module)"))
console.warn: SearchSettings: "get: No settings file exists, new profile?" (new Error("", "(unknown module)"))
1613115868464	Marionette	INFO	Listening on port 55466
1613115868714	Marionette	WARN	TLS certificate errors will be ignored for this session
1613115868730	Marionette	ERROR	[15] No reply from Marionette:Register
1613115871904	Marionette	INFO	Stopped listening on port 55466

###!!! [Child][RunMessage] Error: Channel closing: too late to send/recv, messages will be lost

1613116315704	geckodriver	INFO	Listening on 127.0.0.1:55829
1613116318773	mozrunner::runner	INFO	Running command: "C:\\Program Files\\Mozilla Firefox\\firefox.exe" "--marionette" "-foreground" "-no-remote" "-profile" "C:\\Users\\user\\AppData\\Local\\Temp\\rust_mozprofileBQN7dG"
console.warn: SearchSettings: "get: No settings file exists, new profile?" (new Error("", "(unknown module)"))
console.warn: SearchSettings: "get: No settings file exists, new profile?" (new Error("", "(unknown module)"))
1613116321747	Marionette	INFO	Listening on port 55838
1613116322077	Marionette	WARN	TLS certificate errors will be ignored for this session
1613116322096	Marionette	ERROR	[15] No reply from Marionette:Register
1613116325413	Marionette	INFO	Stopped listening on port 55838
[Child 7612, IPC I/O Child] WARNING: pipe error: 232: file /builds/worker/checkouts/gecko/ipc/chromium/src/chrome/common/ipc_channel_win.cc:545

###!!! [Child][RunMessage] Error: Channel closing: too late to send/recv, messages will be lost

1613116760600	geckodriver	INFO	Listening on 127.0.0.1:56121
1613116763612	mozrunner::runner	INFO	Running command: "C:\\Program Files\\Mozilla Firefox\\firefox.exe" "--marionette" "-foreground" "-no-remote" "-profile" "C:\\Users\\user\\AppData\\Local\\Temp\\rust_mozprofileBqmQhu"
console.warn: SearchSettings: "get: No settings file exists, new profile?" (new Error("", "(unknown module)"))
console.warn: SearchSettings: "get: No settings file exists, new profile?" (new Error("", "(unknown module)"))
1613116766581	Marionette	INFO	Listening on port 56130
1613116766903	Marionette	WARN	TLS certificate errors will be ignored for this session
1613116766920	Marionette	ERROR	[15] No reply from Marionette:Register
1613116769533	Marionette	INFO	Stopped listening on port 56130

###!!! [Child][RunMessage] Error: Channel closing: too late to send/recv, messages will be lost

1613116850745	geckodriver	INFO	Listening on 127.0.0.1:56252
1613116853768	mozrunner::runner	INFO	Running command: "C:\\Program Files\\Mozilla Firefox\\firefox.exe" "--marionette" "-foreground" "-no-remote" "-profile" "C:\\Users\\user\\AppData\\Local\\Temp\\rust_mozprofilexF2JRf"
console.warn: SearchSettings: "get: No settings file exists, new profile?" (new Error("", "(unknown module)"))
console.warn: SearchSettings: "get: No settings file exists, new profile?" (new Error("", "(unknown module)"))
1613116856730	Marionette	INFO	Listening on port 56262
1613116857048	Marionette	WARN	TLS certificate errors will be ignored for this session
1613116857063	Marionette	ERROR	[15] No reply from Marionette:Register
console.error: services.settings: 
  main/fxmonitor-breaches Signature failed  TypeError: NetworkError when attempting to fetch resource.
console.error: services.settings: 
  main/message-groups Signature failed  TypeError: NetworkError when attempting to fetch resource.
console.error: services.settings: 
  main/partitioning-exempt-urls Signature failed  TypeError: NetworkError when attempting to fetch resource.
console.error: services.settings: 
  main/cfr-fxa Signature failed  TypeError: NetworkError when attempting to fetch resource.
1613116859584	Marionette	INFO	Stopped listening on port 56262
JavaScript error: resource://activity-stream/lib/ASRouter.jsm, line 987: NS_ERROR_ILLEGAL_VALUE: Component returned failure code: 0x80070057 (NS_ERROR_ILLEGAL_VALUE) [nsIObserverService.removeObserver]
console.error: services.settings: 
  main/cfr Signature failed  TypeError: NetworkError when attempting to fetch resource.

###!!! [Child][RunMessage] Error: Channel closing: too late to send/recv, messages will be lost

1613116946533	geckodriver	INFO	Listening on 127.0.0.1:56417
1613116949583	mozrunner::runner	INFO	Running command: "C:\\Program Files\\Mozilla Firefox\\firefox.exe" "--marionette" "-foreground" "-no-remote" "-profile" "C:\\Users\\user\\AppData\\Local\\Temp\\rust_mozprofileEEDR7j"
console.warn: SearchSettings: "get: No settings file exists, new profile?" (new Error("", "(unknown module)"))
console.warn: SearchSettings: "get: No settings file exists, new profile?" (new Error("", "(unknown module)"))
1613116952700	Marionette	INFO	Listening on port 56427
1613116952864	Marionette	WARN	TLS certificate errors will be ignored for this session
1613116952882	Marionette	ERROR	[15] No reply from Marionette:Register
1613116955231	Marionette	INFO	Stopped listening on port 56427

###!!! [Child][RunMessage] Error: Channel closing: too late to send/recv, messages will be lost

1613116981188	geckodriver	INFO	Listening on 127.0.0.1:56510
1613116984210	mozrunner::runner	INFO	Running command: "C:\\Program Files\\Mozilla Firefox\\firefox.exe" "--marionette" "-foreground" "-no-remote" "-profile" "C:\\Users\\user\\AppData\\Local\\Temp\\rust_mozprofilekXD1GO"
console.warn: SearchSettings: "get: No settings file exists, new profile?" (new Error("", "(unknown module)"))
console.warn: SearchSettings: "get: No settings file exists, new profile?" (new Error("", "(unknown module)"))
1613116987318	Marionette	INFO	Listening on port 56519
1613116987498	Marionette	WARN	TLS certificate errors will be ignored for this session
1613116987514	Marionette	ERROR	[15] No reply from Marionette:Register
1613116989950	Marionette	INFO	Stopped listening on port 56519

###!!! [Child][RunMessage] Error: Channel closing: too late to send/recv, messages will be lost

1613117132268	geckodriver	INFO	Listening on 127.0.0.1:56657
1613117135313	mozrunner::runner	INFO	Running command: "C:\\Program Files\\Mozilla Firefox\\firefox.exe" "--marionette" "-foreground" "-no-remote" "-profile" "C:\\Users\\user\\AppData\\Local\\Temp\\rust_mozprofileghNLis"
console.warn: SearchSettings: "get: No settings file exists, new profile?" (new Error("", "(unknown module)"))
console.warn: SearchSettings: "get: No settings file exists, new profile?" (new Error("", "(unknown module)"))
1613117138426	Marionette	INFO	Listening on port 56666
1613117138598	Marionette	WARN	TLS certificate errors will be ignored for this session
1613117138622	Marionette	ERROR	[15] No reply from Marionette:Register
1613117141031	Marionette	INFO	Stopped listening on port 56666

###!!! [Child][RunMessage] Error: Channel closing: too late to send/recv, messages will be lost

1613117347757	geckodriver	INFO	Listening on 127.0.0.1:56838
1613117350783	mozrunner::runner	INFO	Running command: "C:\\Program Files\\Mozilla Firefox\\firefox.exe" "--marionette" "-foreground" "-no-remote" "-profile" "C:\\Users\\user\\AppData\\Local\\Temp\\rust_mozprofilerxdNy6"
console.warn: SearchSettings: "get: No settings file exists, new profile?" (new Error("", "(unknown module)"))
console.warn: SearchSettings: "get: No settings file exists, new profile?" (new Error("", "(unknown module)"))
1613117354120	Marionette	INFO	Listening on port 56848
1613117354550	Marionette	WARN	TLS certificate errors will be ignored for this session
1613117354568	Marionette	ERROR	[15] No reply from Marionette:Register
1613117357257	Marionette	INFO	Stopped listening on port 56848

###!!! [Child][RunMessage] Error: Channel closing: too late to send/recv, messages will be lost

1613117410589	geckodriver	INFO	Listening on 127.0.0.1:56949
1613117413594	mozrunner::runner	INFO	Running command: "C:\\Program Files\\Mozilla Firefox\\firefox.exe" "--marionette" "-foreground" "-no-remote" "-profile" "C:\\Users\\user\\AppData\\Local\\Temp\\rust_mozprofilelnAUzO"
console.warn: SearchSettings: "get: No settings file exists, new profile?" (new Error("", "(unknown module)"))
console.warn: SearchSettings: "get: No settings file exists, new profile?" (new Error("", "(unknown module)"))
1613117416594	Marionette	INFO	Listening on port 56958
1613117416880	Marionette	WARN	TLS certificate errors will be ignored for this session
1613117416897	Marionette	ERROR	[15] No reply from Marionette:Register
1613117420072	Marionette	INFO	Stopped listening on port 56958

###!!! [Child][RunMessage] Error: Channel closing: too late to send/recv, messages will be lost

1613117444194	geckodriver	INFO	Listening on 127.0.0.1:57051
1613117447248	mozrunner::runner	INFO	Running command: "C:\\Program Files\\Mozilla Firefox\\firefox.exe" "--marionette" "-foreground" "-no-remote" "-profile" "C:\\Users\\user\\AppData\\Local\\Temp\\rust_mozprofilexx1WJq"
console.warn: SearchSettings: "get: No settings file exists, new profile?" (new Error("", "(unknown module)"))
console.warn: SearchSettings: "get: No settings file exists, new profile?" (new Error("", "(unknown module)"))
1613117450158	Marionette	INFO	Listening on port 57061
1613117450487	Marionette	WARN	TLS certificate errors will be ignored for this session
1613117450509	Marionette	ERROR	[15] No reply from Marionette:Register
1613117453152	Marionette	INFO	Stopped listening on port 57061

###!!! [Child][RunMessage] Error: Channel closing: too late to send/recv, messages will be lost

1613117740677	geckodriver	INFO	Listening on 127.0.0.1:57281
1613117743722	mozrunner::runner	INFO	Running command: "C:\\Program Files\\Mozilla Firefox\\firefox.exe" "--marionette" "-foreground" "-no-remote" "-profile" "C:\\Users\\user\\AppData\\Local\\Temp\\rust_mozprofileMgdGSR"
console.warn: SearchSettings: "get: No settings file exists, new profile?" (new Error("", "(unknown module)"))
1613117746650	Marionette	INFO	Listening on port 57291
console.warn: SearchSettings: "get: No settings file exists, new profile?" (new Error("", "(unknown module)"))
1613117746965	Marionette	WARN	TLS certificate errors will be ignored for this session
1613117746981	Marionette	ERROR	[15] No reply from Marionette:Register
1613117750275	Marionette	INFO	Stopped listening on port 57291

###!!! [Child][RunMessage] Error: Channel closing: too late to send/recv, messages will be lost

1613117807421	geckodriver	INFO	Listening on 127.0.0.1:57393
1613117810475	mozrunner::runner	INFO	Running command: "C:\\Program Files\\Mozilla Firefox\\firefox.exe" "--marionette" "-foreground" "-no-remote" "-profile" "C:\\Users\\user\\AppData\\Local\\Temp\\rust_mozprofile5TW73L"
console.warn: SearchSettings: "get: No settings file exists, new profile?" (new Error("", "(unknown module)"))
console.warn: SearchSettings: "get: No settings file exists, new profile?" (new Error("", "(unknown module)"))
1613117813515	Marionette	INFO	Listening on port 57402
1613117813727	Marionette	WARN	TLS certificate errors will be ignored for this session
1613117813744	Marionette	ERROR	[15] No reply from Marionette:Register
1613117816565	Marionette	INFO	Stopped listening on port 57402

###!!! [Child][RunMessage] Error: Channel closing: too late to send/recv, messages will be lost

1613117878844	geckodriver	INFO	Listening on 127.0.0.1:57503
1613117881866	mozrunner::runner	INFO	Running command: "C:\\Program Files\\Mozilla Firefox\\firefox.exe" "--marionette" "-foreground" "-no-remote" "-profile" "C:\\Users\\user\\AppData\\Local\\Temp\\rust_mozprofileztRmr3"
console.warn: SearchSettings: "get: No settings file exists, new profile?" (new Error("", "(unknown module)"))
console.warn: SearchSettings: "get: No settings file exists, new profile?" (new Error("", "(unknown module)"))
1613117884798	Marionette	INFO	Listening on port 57512
1613117885088	Marionette	WARN	TLS certificate errors will be ignored for this session
1613117885105	Marionette	ERROR	[15] No reply from Marionette:Register
1613117888379	Marionette	INFO	Stopped listening on port 57512

###!!! [Child][RunMessage] Error: Channel closing: too late to send/recv, messages will be lost

1613117912745	geckodriver	INFO	Listening on 127.0.0.1:57608
1613117915771	mozrunner::runner	INFO	Running command: "C:\\Program Files\\Mozilla Firefox\\firefox.exe" "--marionette" "-foreground" "-no-remote" "-profile" "C:\\Users\\user\\AppData\\Local\\Temp\\rust_mozprofilege1XhD"
console.warn: SearchSettings: "get: No settings file exists, new profile?" (new Error("", "(unknown module)"))
console.warn: SearchSettings: "get: No settings file exists, new profile?" (new Error("", "(unknown module)"))
1613117918876	Marionette	INFO	Listening on port 57617
1613117919020	Marionette	WARN	TLS certificate errors will be ignored for this session
1613117919042	Marionette	ERROR	[15] No reply from Marionette:Register
1613117927664	Marionette	INFO	Stopped listening on port 57617

###!!! [Child][RunMessage] Error: Channel closing: too late to send/recv, messages will be lost

1613118415990	geckodriver	INFO	Listening on 127.0.0.1:57927
1613118419036	mozrunner::runner	INFO	Running command: "C:\\Program Files\\Mozilla Firefox\\firefox.exe" "--marionette" "-foreground" "-no-remote" "-profile" "C:\\Users\\user\\AppData\\Local\\Temp\\rust_mozprofileX4kpUT"
console.warn: SearchSettings: "get: No settings file exists, new profile?" (new Error("", "(unknown module)"))
console.warn: SearchSettings: "get: No settings file exists, new profile?" (new Error("", "(unknown module)"))
1613118421954	Marionette	INFO	Listening on port 57936
1613118422274	Marionette	WARN	TLS certificate errors will be ignored for this session
1613118422294	Marionette	ERROR	[15] No reply from Marionette:Register
1613118425922	Marionette	INFO	Stopped listening on port 57936
[Child 16160, IPC I/O Child] WARNING: pipe error: 232: file /builds/worker/checkouts/gecko/ipc/chromium/src/chrome/common/ipc_channel_win.cc:545
1613119450586	geckodriver	INFO	Listening on 127.0.0.1:58518
1613119453632	mozrunner::runner	INFO	Running command: "C:\\Program Files\\Mozilla Firefox\\firefox.exe" "--marionette" "-foreground" "-no-remote" "-profile" "C:\\Users\\user\\AppData\\Local\\Temp\\rust_mozprofilemECyNU"
console.warn: SearchSettings: "get: No settings file exists, new profile?" (new Error("", "(unknown module)"))
console.warn: SearchSettings: "get: No settings file exists, new profile?" (new Error("", "(unknown module)"))
1613119456955	Marionette	INFO	Listening on port 58527
1613119457390	Marionette	WARN	TLS certificate errors will be ignored for this session
1613119457408	Marionette	ERROR	[15] No reply from Marionette:Register
1613119460914	Marionette	INFO	Stopped listening on port 58527

###!!! [Child][RunMessage] Error: Channel closing: too late to send/recv, messages will be lost

1613119528704	geckodriver	INFO	Listening on 127.0.0.1:58647
1613119531753	mozrunner::runner	INFO	Running command: "C:\\Program Files\\Mozilla Firefox\\firefox.exe" "--marionette" "-foreground" "-no-remote" "-profile" "C:\\Users\\user\\AppData\\Local\\Temp\\rust_mozprofileS54bPz"
console.warn: SearchSettings: "get: No settings file exists, new profile?" (new Error("", "(unknown module)"))
console.warn: SearchSettings: "get: No settings file exists, new profile?" (new Error("", "(unknown module)"))
1613119534866	Marionette	INFO	Listening on port 58657
1613119535029	Marionette	WARN	TLS certificate errors will be ignored for this session
1613119535049	Marionette	ERROR	[15] No reply from Marionette:Register
1613119538911	Marionette	INFO	Stopped listening on port 58657

###!!! [Child][RunMessage] Error: Channel closing: too late to send/recv, messages will be lost

1613119560516	geckodriver	INFO	Listening on 127.0.0.1:58750
1613119563566	mozrunner::runner	INFO	Running command: "C:\\Program Files\\Mozilla Firefox\\firefox.exe" "--marionette" "-foreground" "-no-remote" "-profile" "C:\\Users\\user\\AppData\\Local\\Temp\\rust_mozprofileRjV9rO"
console.warn: SearchSettings: "get: No settings file exists, new profile?" (new Error("", "(unknown module)"))
1613119566707	Marionette	INFO	Listening on port 58759
console.warn: SearchSettings: "get: No settings file exists, new profile?" (new Error("", "(unknown module)"))
1613119566844	Marionette	WARN	TLS certificate errors will be ignored for this session
1613119566866	Marionette	ERROR	[15] No reply from Marionette:Register
1613119570910	Marionette	INFO	Stopped listening on port 58759
JavaScript error: resource://gre/modules/UrlClassifierListManager.jsm, line 691: TypeError: this.tablesData[table] is undefined

###!!! [Child][RunMessage] Error: Channel closing: too late to send/recv, messages will be lost

1613119936234	geckodriver	INFO	Listening on 127.0.0.1:59015
1613119939293	mozrunner::runner	INFO	Running command: "C:\\Program Files\\Mozilla Firefox\\firefox.exe" "--marionette" "-foreground" "-no-remote" "-profile" "C:\\Users\\user\\AppData\\Local\\Temp\\rust_mozprofilemAEoD0"
console.warn: SearchSettings: "get: No settings file exists, new profile?" (new Error("", "(unknown module)"))
console.warn: SearchSettings: "get: No settings file exists, new profile?" (new Error("", "(unknown module)"))
1613119942340	Marionette	INFO	Listening on port 59025
1613119942570	Marionette	WARN	TLS certificate errors will be ignored for this session
1613119942590	Marionette	ERROR	[15] No reply from Marionette:Register
1613119946616	Marionette	INFO	Stopped listening on port 59025
JavaScript error: resource://gre/modules/UrlClassifierListManager.jsm, line 691: TypeError: this.tablesData[table] is undefined

###!!! [Child][RunMessage] Error: Channel closing: too late to send/recv, messages will be lost

1613119964392	geckodriver	INFO	Listening on 127.0.0.1:59115
1613119967455	mozrunner::runner	INFO	Running command: "C:\\Program Files\\Mozilla Firefox\\firefox.exe" "--marionette" "-foreground" "-no-remote" "-profile" "C:\\Users\\user\\AppData\\Local\\Temp\\rust_mozprofile2E7G3u"
console.warn: SearchSettings: "get: No settings file exists, new profile?" (new Error("", "(unknown module)"))
console.warn: SearchSettings: "get: No settings file exists, new profile?" (new Error("", "(unknown module)"))
1613119970407	Marionette	INFO	Listening on port 59124
1613119970715	Marionette	WARN	TLS certificate errors will be ignored for this session
1613119970737	Marionette	ERROR	[15] No reply from Marionette:Register
1613119974726	Marionette	INFO	Stopped listening on port 59124

###!!! [Child][RunMessage] Error: Channel closing: too late to send/recv, messages will be lost

1613120002278	geckodriver	INFO	Listening on 127.0.0.1:59213
1613120005304	mozrunner::runner	INFO	Running command: "C:\\Program Files\\Mozilla Firefox\\firefox.exe" "--marionette" "-foreground" "-no-remote" "-profile" "C:\\Users\\user\\AppData\\Local\\Temp\\rust_mozprofiledGmah3"
console.warn: SearchSettings: "get: No settings file exists, new profile?" (new Error("", "(unknown module)"))
console.warn: SearchSettings: "get: No settings file exists, new profile?" (new Error("", "(unknown module)"))
1613120008346	Marionette	INFO	Listening on port 59222
1613120008581	Marionette	WARN	TLS certificate errors will be ignored for this session
1613120008601	Marionette	ERROR	[15] No reply from Marionette:Register
console.error: services.settings: 
  main/fxmonitor-breaches Signature failed  TypeError: NetworkError when attempting to fetch resource.
console.error: services.settings: 
  main/message-groups Signature failed  TypeError: NetworkError when attempting to fetch resource.
console.error: services.settings: 
  main/partitioning-exempt-urls Signature failed  TypeError: NetworkError when attempting to fetch resource.
console.error: services.settings: 
  main/cfr-fxa Signature failed  TypeError: NetworkError when attempting to fetch resource.
console.error: services.settings: 
  main/cfr Signature failed  TypeError: NetworkError when attempting to fetch resource.
console.error: services.settings: 
  main/whats-new-panel Signature failed  TypeError: NetworkError when attempting to fetch resource.
1613120017870	Marionette	INFO	Stopped listening on port 59222

###!!! [Child][RunMessage] Error: Channel closing: too late to send/recv, messages will be lost

1613120098527	geckodriver	INFO	Listening on 127.0.0.1:59399
1613120101574	mozrunner::runner	INFO	Running command: "C:\\Program Files\\Mozilla Firefox\\firefox.exe" "--marionette" "-foreground" "-no-remote" "-profile" "C:\\Users\\user\\AppData\\Local\\Temp\\rust_mozprofileEMprxE"
console.warn: SearchSettings: "get: No settings file exists, new profile?" (new Error("", "(unknown module)"))
console.warn: SearchSettings: "get: No settings file exists, new profile?" (new Error("", "(unknown module)"))
1613120104807	Marionette	INFO	Listening on port 59409
1613120104859	Marionette	WARN	TLS certificate errors will be ignored for this session
1613120104877	Marionette	ERROR	[15] No reply from Marionette:Register
1613120114498	Marionette	INFO	Stopped listening on port 59409
[Child 14532, IPC I/O Child] WARNING: pipe error: 232: file /builds/worker/checkouts/gecko/ipc/chromium/src/chrome/common/ipc_channel_win.cc:545

###!!! [Child][RunMessage] Error: Channel closing: too late to send/recv, messages will be lost

1613120422446	geckodriver	INFO	Listening on 127.0.0.1:59631
1613120425477	mozrunner::runner	INFO	Running command: "C:\\Program Files\\Mozilla Firefox\\firefox.exe" "--marionette" "-foreground" "-no-remote" "-profile" "C:\\Users\\user\\AppData\\Local\\Temp\\rust_mozprofilezAoyrA"
console.warn: SearchSettings: "get: No settings file exists, new profile?" (new Error("", "(unknown module)"))
console.warn: SearchSettings: "get: No settings file exists, new profile?" (new Error("", "(unknown module)"))
1613120428599	Marionette	INFO	Listening on port 59640
1613120428758	Marionette	WARN	TLS certificate errors will be ignored for this session
1613120428781	Marionette	ERROR	[15] No reply from Marionette:Register
console.error: services.settings: 
  main/fxmonitor-breaches Signature failed  TypeError: NetworkError when attempting to fetch resource.
console.error: services.settings: 
  main/message-groups Signature failed  TypeError: NetworkError when attempting to fetch resource.
console.error: services.settings: 
  main/partitioning-exempt-urls Signature failed  TypeError: NetworkError when attempting to fetch resource.
console.error: services.settings: 
  main/cfr-fxa Signature failed  TypeError: NetworkError when attempting to fetch resource.
console.error: services.settings: 
  main/cfr Signature failed  TypeError: NetworkError when attempting to fetch resource.
console.error: services.settings: 
  main/whats-new-panel Signature failed  TypeError: NetworkError when attempting to fetch resource.
1613120449026	Marionette	INFO	Stopped listening on port 59640
[Child 6052, IPC I/O Child] WARNING: pipe error: 232: file /builds/worker/checkouts/gecko/ipc/chromium/src/chrome/common/ipc_channel_win.cc:545

###!!! [Child][RunMessage] Error: Channel closing: too late to send/recv, messages will be lost

1613120645054	geckodriver	INFO	Listening on 127.0.0.1:59882
1613120648098	mozrunner::runner	INFO	Running command: "C:\\Program Files\\Mozilla Firefox\\firefox.exe" "--marionette" "-foreground" "-no-remote" "-profile" "C:\\Users\\user\\AppData\\Local\\Temp\\rust_mozprofilehzOs2f"
console.warn: SearchSettings: "get: No settings file exists, new profile?" (new Error("", "(unknown module)"))
console.warn: SearchSettings: "get: No settings file exists, new profile?" (new Error("", "(unknown module)"))
1613120651315	Marionette	INFO	Listening on port 59891
1613120651371	Marionette	WARN	TLS certificate errors will be ignored for this session
1613120651397	Marionette	ERROR	[15] No reply from Marionette:Register
1613120655439	Marionette	INFO	Stopped listening on port 59891

###!!! [Child][RunMessage] Error: Channel closing: too late to send/recv, messages will be lost

1613121176057	geckodriver	INFO	Listening on 127.0.0.1:60232
1613121179105	mozrunner::runner	INFO	Running command: "C:\\Program Files\\Mozilla Firefox\\firefox.exe" "--marionette" "-foreground" "-no-remote" "-profile" "C:\\Users\\user\\AppData\\Local\\Temp\\rust_mozprofileUai0S6"
console.warn: SearchSettings: "get: No settings file exists, new profile?" (new Error("", "(unknown module)"))
console.warn: SearchSettings: "get: No settings file exists, new profile?" (new Error("", "(unknown module)"))
1613121182422	Marionette	INFO	Listening on port 60241
1613121182916	Marionette	WARN	TLS certificate errors will be ignored for this session
1613121182936	Marionette	ERROR	[15] No reply from Marionette:Register
1613121187015	Marionette	INFO	Stopped listening on port 60241
1613121730921	geckodriver	INFO	Listening on 127.0.0.1:60461
1613121734000	mozrunner::runner	INFO	Running command: "C:\\Program Files\\Mozilla Firefox\\firefox.exe" "--marionette" "-foreground" "-no-remote" "-profile" "C:\\Users\\user\\AppData\\Local\\Temp\\rust_mozprofilepHSF6q"
console.warn: SearchSettings: "get: No settings file exists, new profile?" (new Error("", "(unknown module)"))
console.warn: SearchSettings: "get: No settings file exists, new profile?" (new Error("", "(unknown module)"))
1613121737149	Marionette	INFO	Listening on port 60469
1613121737241	Marionette	WARN	TLS certificate errors will be ignored for this session
1613121737270	Marionette	ERROR	[15] No reply from Marionette:Register
1613121740831	Marionette	INFO	Stopped listening on port 60469

###!!! [Child][RunMessage] Error: Channel closing: too late to send/recv, messages will be lost

1613122076623	geckodriver	INFO	Listening on 127.0.0.1:60772
1613122079672	mozrunner::runner	INFO	Running command: "C:\\P1613122080029	mozrunner::runner	INFO	Running command: "C:\\P1613122081312	mozrunner::runner	INFO	Running command: "C:\\Program Files\\Mozilla Firefox\\firefox.econsole.warn: SearchSettings: "get: No settings file exists,console.warn: SearchSettings: "get: No settings file16131220console.warn: SearchSettings: "get: No settings file exists, new profile?" (new Error("", "(unknown module)"))
console.warn: SearchSettings: "get: No settings file exists, new profile?" (new Error("", "(unknown module)"))
1613122086008	Marionette	INFO	Listening on port 60808
1613122086523	Marionette	WARN	TLS cert1613122086919	Marionette	INFO	Stopped listening on port 6079161
###!!! [Child][RunMessage] Error: Channel closing: too 1613122089462	Marionette	INFO	Stopped listening on port 60808

###!!! [Child][RunMessage] Error: Channel closing: too late to send/recv, messages will be lost

1613122143852	geckodriver	INFO	Listening on 127.0.0.1:60995
1613122146880	mozrunner::runner	INFO	Running command: "C:\\Program Files\\Mozilla Firefox\\firefox.exe" "--marionette" "-foreground" "-no-remote" "-profile" "C:\\Users\\user\\AppData\\Local\\Temp\\rust_mozprofileNIhOCi"
console.warn: SearchSettings: "get: No settings file exists, new profile?" (new Error("", "(unknown module)"))
1613122152925	Marionette	INFO	Listening on port 61056
1613122153314	Marionette	WARN	TLS certificate errors will be ignored for this session
1613122153396	Marionette	ERROR	[18] No reply from Marionette:Register
console.warn: SearchSettings: "get: No settings file exists, new profile?" (new Error("", "(unknown module)"))
1613122159229	Marionette	INFO	Stopped listening on port 61056
JavaScript error: resource://activity-stream/lib/ASRouter.jsm, line 987: NS_ERROR_ILLEGAL_VALUE: Component returned failure code: 0x80070057 (NS_ERROR_ILLEGAL_VALUE) [nsIObserverService.removeObserver]

###!!! [Child][RunMessage] Error: Channel closing: too late to send/recv, messages will be lost

"  nsresult: \"0xc1f30001 (NS_ERROR_NOT_INITIALIZED)\"  location: \"JS frame :: resource://gre/modules/AddonManager.jsm :: installBuiltinAddon :: line 2550\"  data: no]"
console.error: "Could not load engine wikipedia@search.mozilla.org: [Exception... \"AddonManager is not initialized\"  nsresult: \"0xc1f30001 (NS_ERROR_NOT_INITIALIZED)\"  location: \"JS frame :: resource://gre/modules/AddonManager.jsm :: installBuiltinAddon :: line 2550\"  data: no]"
console.error: "Could not load engine yandex@search.mozilla.org: [Exception... \"AddonManager is not initialized\"  nsresult: \"0xc1f30001 (NS_ERROR_NOT_INITIALIZED)\"  location: \"JS frame :: resource://gre/modules/AddonManager.jsm :: installBuiltinAddon :: line 2550\"  data: no]"
console.error: "Could not load engine ddg@search.mozilla.org: [Exception... \"AddonManager is not initialized\"  nsresult: \"0xc1f30001 (NS_ERROR_NOT_INITIALIZED)\"  location: \"JS frame :: resource://gre/modules/AddonManager.jsm :: installBuiltinAddon :: line 2550\"  data: no]"
console.error: "Could not load engine priceru@search.mozilla.org: [Exception... \"AddonManager is not initialized\"  nsresult: \"0xc1f30001 (NS_ERROR_NOT_INITIALIZED)\"  location: \"JS frame :: resource://gre/modules/AddonManager.jsm :: installBuiltinAddon :: line 2550\"  data: no]"
console.error: "Could not load engine mailru@search.mozilla.org: [Exception... \"AddonManager is not initialized\"  nsresult: \"0xc1f30001 (NS_ERROR_NOT_INITIALIZED)\"  location: \"JS frame :: resource://gre/modules/AddonManager.jsm :: installBuiltinAddon :: line 2550\"  data: no]"
console.error: "Could not load engine ozonru@search.mozilla.org: [Exception... \"AddonManager is not initialized\"  nsresult: \"0xc1f30001 (NS_ERROR_NOT_INITIALIZED)\"  location: \"JS frame :: resource://gre/modules/AddonManager.jsm :: installBuiltinAddon :: line 2550\"  data: no]"
console.warn: SearchService: "_init: abandoning init due to shutting down"
JavaScript error: resource://gre/modules/AsyncShutdown.jsm, line 573: uncaught exception: 2147500036
JavaScript error: resource://gre/modules/AsyncShutdown.jsm, line 573: uncaught exception: 2147500036
JavaScript error: resource://gre/modules/AsyncShutdown.jsm, line 573: uncaught exception: 2147500036
JavaScript error: resource://gre/modules/AsyncShutdown.jsm, line 573: uncaught exception: 2147500036
JavaScript error: resource://gre/modules/AsyncShutdown.jsm, line 573: uncaught exception: 2147500036
JavaScript error: resource://gre/modules/AsyncShutdown.jsm, line 573: uncaught exception: 2147500036
JavaScript error: resource://gre/modules/AsyncShutdown.jsm, line 573: uncaught exception: 2147500036
JavaScript error: resource://gre/modules/AsyncShutdown.jsm, line 573: uncaught exception: 2147500036
JavaScript error: resource://gre/modules/AsyncShutdown.jsm, line 573: uncaught exception: 2147500036
JavaScript error: resource://gre/modules/AsyncShutdown.jsm, line 573: uncaught exception: 2147500036
console.log: "RemoteSettingsWorker error: Error: Can't import when we've started shutting down."
console.log: "RemoteSettingsWorker error: Error: Can't import when we've started shutting down."

###!!! [Child][RunMessage] Error: Channel closing: too late to send/recv, messages will be lost

JavaScript error: resource:///modules/EveryWindow.jsm, line 37: NS_ERROR_UNEXPECTED: Component returned failure code: 0x8000ffff (NS_ERROR_UNEXPECTED) [nsIWindowMediator.getEnumerator]
JavaScript error: resource://gre/modules/CrashManager.jsm, line 789: AbortError: Could not dispatch task to background thread
! [Child][MessageChannel] Error: (msgtype=0x5F0005,name=PImageBridge::Msg_WillClose) Channel error: cannot send/recv

JavaScript error: resource:///modules/EveryWindow.jsm, line 37: NS_ERROR_UNEXPECTED: Component returned failure code: 0x8000ffff (NS_ERROR_UNEXPECTED) [nsIWindowMediator.getEnumerator]
JavaScript error: resource://gre/modules/CrashManager.jsm, line 789: AbortError: Could not dispatch task to background thread
1613122332727	geckodriver	INFO	Listening on 127.0.0.1:61359
1613122335760	mozrunner::runner	INFO	Running command: "C:\\P1613122336517	mozrunner::runner	INFO	Running command: "C:\\Program Files\\Mozilla Firefox\\firefox.exe" "--marionette" "-foreground" "-no-remote" "-profile" "C:console.warn: SearchSettings: "get: No settings file exists,console.warn: SearchSettings: "get: No settings file exists, new profile?" (new Error("", "(unknown module)"))
1613122341393	Marionette	INFO	Listening on port 61392
1613122341832	Marionette	WARN	TLS certificate errors will be ignored for this session
1613122341861	Marionette	ERROR	[15] No reply from Marionette:Register
console.warn: SearchSettings: "get: No settings file1613122342785	Marionette	INFO	Stopped listening on port 61381613122344987	Marionette	INFO	Stopped listening on port 61392

###!!! [Child][RunMessage] Error: Channel closing: too late to send/recv, messages will be lost

e to send/recv, messages will be lost

1613130061396	geckodriver	INFO	Listening on 127.0.0.1:58182
1613130064440	mozrunner::runner	INFO	Running command: "C:\\Program Files\\Mozilla Firefox\\firefox.exe" "--marionette" "-foreground" "-no-remote" "-profile" "C:\\Users\\user\\AppData\\Local\\Temp\\rust_mozprofileoCISRk"
console.warn: SearchSettings: "get: No settings file exists, new profile?" (new Error("", "(unknown module)"))
console.warn: SearchSettings: "get: No settings file exists, new profile?" (new Error("", "(unknown module)"))
1613130067439	Marionette	INFO	Listening on port 58192
1613130067714	Marionette	WARN	TLS certificate errors will be ignored for this session
1613130067730	Marionette	ERROR	[15] No reply from Marionette:Register
1613130096181	Marionette	INFO	Stopped listening on port 58192
1613130134808	geckodriver	INFO	Listening on 127.0.0.1:58409
1613130137828	mozrunner::runner	INFO	Running command: "C:\\P1613130139198	mozrunner::runner	INFO	Running command: "C:\\P1613130139472	mozrunner::runner	INFO	Running command: "C:\\Program Files\\Mozilla Firefox\\firefox.econsole.warn: SearchSettings: "get: No settings file exists,console.warn: SearchSettings: "get: No settings file exists,console.warn: SearchSettings: "get: No settings file1613130145302	Marionette	INFO	Listening on port 58460
161311613130145948	Marionette	INFO	Listening on port 58464
1613130146387	Marionette	WARN	TLS certconsole.warn: SearchSettings: "get: No settings file exists,console.warn: SearchSettings: "get: No settings file exists,console.warn: SearchSettings: "get: No settings file1613130152369	Marionette	INFO	Stopped listening on port 58461613130152887	Marionette	INFO	Stopped listening on port 58464
JavaScript error: resource://activity-stream/lib/ASRouter.jsm, line 987: NS_ERROR_I
###!!! [Child][RunMessage] Error: Channel closing: too late to send/recv, messages will be lost

UrlClassifierListManager.jsm, line 691: TypeError: this.tablesData[table] is undefined

###!!! [Child][RunMessage] Err
###!!! [Child][RunMessage] Error: Channel closing: too late to send/recv, messages will be lost

or: Channel closing: too late to send/rec
###!!! [Child][RunMessage] Error: Channel closing: too late to send/recv, messages will be lost

v, messages will be lost


###!!! [Child][RunMessage] Error: Channel closing: too late to send/recv, messages will be lost


###!!! [Child][RunMessage] Error: Channel closing: too late to send/recv, messages will be lost

1613130236158	geckodriver	INFO	Listening on 127.0.0.1:58862
1613130239188	mozrunner::runner	INFO	Running command: "C:\\P1613130240174	mozrunner::runner	INFO	Running command: "C:\\Program Files\\Mozilla Firefox\\firefox.exe" "--marionette" "-foreground" "-no-remote" "-profile" "C:console.warn: SearchSettings: "get: No settings file exists,console.warn: SearchSettings: "get: No settings file exists, new profile?" (new Error("", "(unknown module)"))
1613130246955	Marionette	INFO	Listening on port 58916
1613130247180	Marionette	WARN	TLS certificate errors will be ignored for this session
1613130247205	Marionette	ERROR	[15] No reply from Marionette:Register
console.error: services.settings: 
  main/fxmonitor-breaches Signature failed  TypeError: NetworkError when attempting to fetch resource.
console.warn: SearchSettings: "get: No settings file exists, new profile?" (new Error("", "(unknown module)"))
console.error: services.settings: console.warn: SearchSettings: "get: No settings file exists, new profile?" (new Error("", "(unknown module)"))
1613130253484	Marionette	INFO	Stopped listening on port 58916
JavaScript error: resource://activity-stream/lib/ASRouter.jsm, line 987: NS_ERROR_ILLEGAL_VALUE: Component returned failure code: 0x80070057 (NS_ERROR_ILLEGAL_VALUE) [nsIObserverService.removeObserver]
console.error: services.settings: 
  main/message-groups Signature failed  TypeError: NetworkError when attempting to fetch resource.

###!!! [Child][RunMessage] Error: Channel closing: too late to send/recv, messages will be lost

um/src/chrome/common/ipc_cha
###!!! [Child][
###!!! [Child][RunMessage] Error: Channel closing: too late to send/recv, messages will be lost

167
1613130643854	geckodriver	INFO	Listening on 127.0.0.1:59590
1613130646793	mozrunner::runner	INFO	Running command: "C:\\P1613130647447	mozrunner::runner	INFO	Running command: "C:\\P1613130648251	mozrunner::runner	INFO	Running command: "C:\\Program Files\\Mozilla Firefox\\firefox.econsole.warn: SearchSettings: "get: No settings file exists,console.warn: SearchSettings: "get: No settings file exists,console.warn: SearchSettings: "get: No settings file1613130654067	Marionette	INFO	Listening on port 59637
161311613130655273	Marionette	INFO	Listening on port 59653
1613130655867	Marionette	WARN	TLS certificate errors will be ignored for this session
16131306558console.warn: SearchSettings: "get: No settings file exists,console.warn: SearchSettings: "get: No settings file exists, new profile?" (new Error("", "(unknown module)"))
1613130661746	Marionette	INFO	Stopped listening on port 59653
JavaScript error: resource://activity-stream/lib/ASRouter.jsm, line 987: NS_ERROR_ILLEGAL_VALUE: Component returned failure code: 0x80070057 (N
###!!! [Child][RunMessage] Error: Channel closing: too late to send/recv, messages will be lost

UrlClassifierListManager.jsm, line 691: TypeError: this.tablesData[table] is undefined
console.warn: services.settings: main/cfr-fxa sync interrupted by shutdown

###!!! [Child][RunMessage] Error: Channel closing: too late to send/recv, messages will be lost

ddon :: line 2550\"  data: no]"
console.error: "Could not load engine yandex@search.mozilla.org: [Exception... \"AddonManager is not initialized\"  nsresult: \"0xc1f30001 (NS_ERROR_NOT_INITIALIZED)\"  location: \"JS frame :: resource://gre/modules/AddonManager.jsm :: installBuiltinAddon :: line 2550\"  data: no]"
console.error: "Could not load engine ddg@search.mozilla.org: [Exception... \"AddonManager is not initialized\"  nsresult: \"0xc1f30001 (NS_ERROR_NOT_INITIALIZED)\"  location: \"JS frame :: resource://gre/modules/AddonManager.jsm :: installBuiltinAddon :: line 2550\"  data: no]"
console.error: "Could not load engine priceru@search.mozilla.org: [Exception... \"AddonManager is not initialized\"  nsresult: \"0xc1f30001 (NS_ERROR_NOT_INITIALIZED)\"  location: \"JS frame :: resource://gre/modules/AddonManager.jsm :: installBuiltinAddon :: line 2550\"  data: no]"
console.error: "Could not load engine mailru@search.mozilla.org: [Exception... \"AddonManager is not initialized\"  nsresult: \"0xc1f30001 (NS_ERROR_NOT_INITIALIZED)\"  location: \"JS frame :: resource://gre/modules/AddonManager.jsm :: installBuiltinAddon :: line 2550\"  data: no]"
console.error: "Could not load engine ozonru@search.mozilla.org: [Exception... \"AddonManager is not initialized\"  nsresult: \"0xc1f30001 (NS_ERROR_NOT_INITIALIZED)\"  location: \"JS frame :: resource://gre/modules/AddonManager.jsm :: installBuiltinAddon :: line 2550\"  data: no]"
console.warn: SearchService: "_init: abandoning init due to shutting down"
JavaScript error: resource://gre/modules/AsyncShutdown.jsm, line 573: uncaught exception: 2147500036
JavaScript error: resource://gre/modules/AsyncShutdown.jsm, line 573: uncaught exception: 2147500036
JavaScript error: resource://gre/modules/AsyncShutdown.jsm, line 573: uncaught exception: 2147500036
JavaScript error: resource://gre/modules/AsyncShutdown.jsm, line 573: uncaught exception: 2147500036
JavaScript error: resource://gre/modules/AsyncShutdown.jsm, line 573: uncaught exception: 2147500036
JavaScript error: resource://gre/modules/AsyncShutdown.jsm, line 573: uncaught exception: 2147500036
JavaScript error: resource://gre/modules/AsyncShutdown.jsm, line 573: uncaught exception: 2147500036
JavaScript error: resource://gre/modules/AsyncShutdown.jsm, line 573: uncaught exception: 2147500036
JavaScript error: resource://gre/modules/AsyncShutdown.jsm, line 573: uncaught exception: 2147500036
JavaScript error: resource://gre/modules/AsyncShutdown.jsm, line 573: uncaught exception: 2147500036
JavaScript error: resource://gre/modules/AsyncShutdown.jsm, line 573: uncaught exception: 2147500036
JavaScript error: resource://gre/modules/AsyncShutdown.jsm, line 573: uncaught exception: 2147500036
JavaScript error: resource://gre/modules/AsyncShutdown.jsm, line 573: uncaught exception: 2147500036

###!!! [Child][RunMessage] Error: Channel closing: too late to send/recv, messages will be lost

JavaScript error: resource:///modules/EveryWindow.jsm, line 37: NS_ERROR_UNEXPECTED: Component returned failure code: 0x8000ffff (NS_ERROR_UNEXPECTED) [nsIWindowMediator.getEnumerator]
JavaScript error: resource://gre/modules/CrashManager.jsm, line 789: AbortError: Could not dispatch task to background thread
1613133345365	geckodriver	INFO	Listening on 127.0.0.1:62881
1613133348375	mozrunner::runner	INFO	Running command: "C:\\P1613133349250	mozrunner::runner	INFO	Running command: "C:\\P1613133349931	mozrunner::runner	INFO	Running command: "C:\\P1613133350185	mozrunner::runner	INFO	Runconsole.warn: SearchSettings: "get: No settings file exists,console.warn: SearchSettings: "get: No settings file exists,console.warn: SearchSettings: "get: No settings file1613133355597	Marionette	INFO	Listening on port 62929
161311613133356570	Marionette	INFO	Listening on port 62935
161311613133357794	Marionette	INFO	Lisconsole.warn: SearchSettings: "get: No settings file exists,console.warn: SearchSettings: "get: No settings file1613133364039	Marionette	INFO	Stopped listening on port 6290161JavaScript error: resource://gre/modules/UrlClassifierLis1613133366001	Marionette	INFO	Stopped listening on port 62931613133366737	Marionette	INFO	Stopped listening on port 62942

###!!! [Child][RunMessage] Error: Channel closing: too late to send/recv, messages will be lost

 lost

e to send/recv, messages will be lost


###!!! [Child][RunMessage] Error: Channel closing: too late to send/recv, messages will be lost


1613133368413	geckodriver	INFO	Listening on 127.0.0.1:63217
1613133371428	mozrunner::runner	INFO	Running command: "C:\\P1613133372944	mozrunner::runner	INFO	Running command: "C:\\Program Files\\Mozilla Firefox\\firefox.exe" "--marionette" "-foreground" "-no-remote" "-profile" "C:console.warn: SearchSettings: "get: No settings file exists,console.warn: SearchSettings: "get: No settings file exists,1613133377668	mozrunner::runner	INFO	Running command1613133378483	Marionette	INFO	Listening on port 63266
1613133378750	Marionette	WARN	TLS certificate errors will be ignored for this session
1613133378779	Marionette	Econsole.warn: SearchSettings: "get: No settings file exists, new profile?" (new Error("", "(unknown module)"))
console.warn: SearchSettings: "get: No settings file exists, new profile?" (new Error("", "(unknown module)"))
1613133382261	Marionette	INFO	Listening on port 63335
1613133382424	Marionette	WARN	TLS certificate errors will be ignored for this session
1613133382440	Marionette	ERROR	[15] No reply from Marionette:Register
1613133385172	Marionette	INFO	Stopped listening on port 63335

###!!! [Child][RunMessage] Error: Channel closing: too late to send/recv, messages will be lost

1613134300627	geckodriver	INFO	Listening on 127.0.0.1:63995
1613134303632	mozrunner::runner	INFO	Running command: "C:\\P1613134305240	mozrunner::runner	INFO	Running command: "C:\\P1613134305762	mozrunner::runner	INFO	Running command: "C:\\P1613134305934	mozrunner::runner	INFO	Running command: "C:\\P1613134306522	mozrunner::runner	INFO	Runconsole.warn: SearchSettings: "get: No settings file exists,console.warn: SearchSettings: "get: No settings file1613134312289	Marionette	INFO	Listening on port 64046
1613134312404	Marionette	WARN	TLS certificate errors will be ignored for this session
1613134312457	Marionette	ERROR	[1161311613134313618	Marionette	INFO	Lisconsole.warn: SearchSettings: "get: No settings file exists,console.warn: SearchSettings: "get: No settings file1613134318716	Marionette	INFO	Stopped listening on port 64041613134321446	Marionette	INFO	Stopped listening on port 64057

###!!! [Child][RunMessage] Error: Channel closing: too 1613134322280	Marionette	INFO	Stopped listening on port 64076

###!!! [Child][RunMessage] Error: Channel closing: too late to send/recv, messages will be lost

.1:64326
1613134325930	mozrunner::runner	INFO	Running command: "C:\\P1613134327832	mozrunner::runner	INFO	Running command: "C:\\Program Files\\Mozilla Firefox\\firefox.exe" "--marionette" "-foreground" "-no-remote" "-profile" "C:console.warn: SearchSettings: "get: No settings file exists,console.warn: SearchSettings: "get: No settings file exists, new profile?" (new Error("", "(unknown module)"))
1613134334641	Marionette	INFO	Listening on port 64382
1613134335067	Marionette	WARN	TLS certificate errors will be ignored for this session
1613134335097	Marionette	ERROR	[15] No reply from Marionette:Register
console.warn: SearchSettings: "get: No settings file exists, new profile?" (new Error("", "(unknown module)"))
1613134336656	Marionette	INFO	Stopped listening on port 64382
JavaScript error: resource://activity-stream/lib/ASRouter.jsm, line 987: NS_ERROR_ILLEGAL_VALUE: Component returned failure code: 0x80070057 (NS_ERROR_ILLEGAL_VALUE) [nsIObserverService.removeObserver]

###!!! [Child][RunMessage] Error: Channel closing: too late to send/recv, messages will be lost

 data: no]"
console.error: "Could not load engine wikipedia@search.mozilla.org: [Exception... \"AddonManager is not initialized\"  nsresult: \"0xc1f30001 (NS_ERROR_NOT_INITIALIZED)\"  location: \"JS frame :: resource://gre/modules/AddonManager.jsm :: installBuiltinAddon :: line 2550\"  data: no]"
console.error: "Could not load engine yandex@search.mozilla.org: [Exception... \"AddonManager is not initialized\"  nsresult: \"0xc1f30001 (NS_ERROR_NOT_INITIALIZED)\"  location: \"JS frame :: resource://gre/modules/AddonManager.jsm :: installBuiltinAddon :: line 2550\"  data: no]"
console.error: "Could not load engine ddg@search.mozilla.org: [Exception... \"AddonManager is not initialized\"  nsresult: \"0xc1f30001 (NS_ERROR_NOT_INITIALIZED)\"  location: \"JS frame :: resource://gre/modules/AddonManager.jsm :: installBuiltinAddon :: line 2550\"  data: no]"
console.error: "Could not load engine priceru@search.mozilla.org: [Exception... \"AddonManager is not initialized\"  nsresult: \"0xc1f30001 (NS_ERROR_NOT_INITIALIZED)\"  location: \"JS frame :: resource://gre/modules/AddonManager.jsm :: installBuiltinAddon :: line 2550\"  data: no]"
console.error: "Could not load engine mailru@search.mozilla.org: [Exception... \"AddonManager is not initialized\"  nsresult: \"0xc1f30001 (NS_ERROR_NOT_INITIALIZED)\"  location: \"JS frame :: resource://gre/modules/AddonManager.jsm :: installBuiltinAddon :: line 2550\"  data: no]"
console.error: "Could not load engine ozonru@search.mozilla.org: [Exception... \"AddonManager is not initialized\"  nsresult: \"0xc1f30001 (NS_ERROR_NOT_INITIALIZED)\"  location: \"JS frame :: resource://gre/modules/AddonManager.jsm :: installBuiltinAddon :: line 2550\"  data: no]"
console.warn: SearchService: "_init: abandoning init due to shutting down"
JavaScript error: resource://gre/modules/AsyncShutdown.jsm, line 573: uncaught exception: 2147500036
JavaScript error: resource://gre/modules/AsyncShutdown.jsm, line 573: uncaught exception: 2147500036
JavaScript error: resource://gre/modules/AsyncShutdown.jsm, line 573: uncaught exception: 2147500036
JavaScript error: resource://gre/modules/AsyncShutdown.jsm, line 573: uncaught exception: 2147500036
JavaScript error: resource://gre/modules/AsyncShutdown.jsm, line 573: uncaught exception: 2147500036
JavaScript error: resource://gre/modules/AsyncShutdown.jsm, line 573: uncaught exception: 2147500036
JavaScript error: resource://gre/modules/AsyncShutdown.jsm, line 573: uncaught exception: 2147500036
JavaScript error: resource://gre/modules/AsyncShutdown.jsm, line 573: uncaught exception: 2147500036
JavaScript error: resource://gre/modules/AsyncShutdown.jsm, line 573: uncaught exception: 2147500036
JavaScript error: resource://gre/modules/AsyncShutdown.jsm, line 573: uncaught exception: 2147500036
console.log: "RemoteSettingsWorker error: Error: Can't import when we've started shutting down."
console.log: "RemoteSettingsWorker error: Error: Can't import when we've started shutting down."
console.log: "RemoteSettingsWorker error: Error: Can't import when we've started shutting down."

###!!! [Child][RunMessage] Error: Channel closing: too lat1613134336875	mozrunner::runner	INFO	RunnJavaScript error: resource:///modules/EveryWindow.jsm, line 37: NS_ERROR_UNEXPECTED: Component returned failure code: 0x8000ffff (NS_ERROR_UNEXPECTED) [nsIWindowMediator.getEnumerator]
JavaScript error: resource://gre/modules/CrashManager.jsm, line 789: AbortError: Could not dispatch task to background thread
ttings: "get: No settings file exists, new profile?" (new Error("", "(unknown module)"))
1613134340098	Marionette	INFO	Listening on port 64493
1613134340312	Marionette	WARN	TLS certificate errors will be ignored for this session
1613134340332	Marionette	ERROR	[15] No reply from Marionette:Register
1613134343004	Marionette	INFO	Stopped listening on port 64493

###!!! [Child][RunMessage] Error: Channel closing: too late to send/recv, messages will be lost

1613136078558	geckodriver	INFO	Listening on 127.0.0.1:57014
1613136081574	mozrunner::runner	INFO	Running command: "C:\\P1613136081732	mozrunner::runner	INFO	Running command: "C:\\P1613136082189	mozrunner::runner	INFO	Running command: "C:\\P1613136083125	mozrunner::runner	INFO	Runconsole.warn: SearchSettings: "get: No settings file exists,console.warn: SearchSettings: "get: No settings file1613136086828	Marionette	INFO	Listening on port 57047
161311613136088673	Marionette	INFO	Listening on port 57055
161311613136089421	Marionette	INFO	Listening on port 57068
161311613136090699	Marionette	INFO	Lisconsole.warn: SearchSettings: "get: No settings file exists,console.warn: SearchSettings: "get: No settings file16131360console.warn: SearchSettings: "get: No settings file exists,1613136100908	Marionette	INFO	Stopped listening on port 57078
JavaScript error: resource://activity-stream/lib/ASRouter.jsm, line 987: NS_ERROR_ILLEGAL_VALUE: Component returned failure code: 0x80070057 (NS_ERROR_ILLEGAL_VALUE) [nsIObserverService.removeObserver]
console.error: SearchService: "maybeReloadEngines failed" ({}
###!!! [Child][RunMessage] Error: Channel closing: too late to send/recv, messages will be lost



] is undefined

###!!! [Child][RunMessage] Error: Channel closing: too late to send/recv, messages will be lost



1613136102396	geckodriver	INFO	Listening on 127.0.0.1:57319
1613136105422	mozrunner::runner	INFO	Running command: "C:\\P1613136105843	mozrunner::runner	INFO	Running command: "C:\\Program Files\\Mozilla Firefox\\firefox.exe" "--marionette" "-foreground" "-no-remote" "-profile" "C:console.warn: SearchSettings: "get: No settings file exists,console.warn: SearchSettings: "get: No settings fileconsole.warn: SearchSettings: "get: No settings file exists,1613136110680	Marionette	INFO	Listening on port 57375
1613136111364	Marionette	WARN	TLS certificate errors will be ignored for this session
1613136111396	Marionette	ERROR	[15] No reply from Marionette:Register
console.warn: SearchSettings: "get: No settings file1613136113491	Marionette	INFO	Stopped listening on port 57361613136114339	Marionette	INFO	Stopped listening on port 57375
JavaScript error: resource://activity-stream/lib/ASRouter.jsm, line 987: NS_ERROR_ILLEGAL_VALUE: Component returned failure code: 0x80070057 (NS_ERROR_ILLEGAL_VALUE) [nsIObserverService.removeObserver]
[Parent 2925
###!!! [Child][RunMessage] Error: Channel closing: too lat1613136117124	mozrunner::runner	INFO	Running command: "C:\\Program Files\\Mozilla Firefox\\firefox.exe" "--marionette" "-foreground" "-no-remote" "-profile" "C:\\Users\\user\\AppData\\Local\\Temp\\rust_mozprofile8c7BTp"
console.warn: SearchSettings: "get: No settings file exists, new profile?" (new Error("", "(unknown module)"))
console.warn: SearchSettings: "get: No settings file exists, new profile?" (new Error("", "(unknown module)"))
1613136120123	Marionette	INFO	Listening on port 57504
1613136120400	Marionette	WARN	TLS certificate errors will be ignored for this session
1613136120418	Marionette	ERROR	[15] No reply from Marionette:Register
1613136123162	Marionette	INFO	Stopped listening on port 57504

###!!! [Child][RunMessage] Error: Channel closing: too late to send/recv, messages will be lost

